SF:lib/services/internationalization/internationalization.dart
DA:15,0
DA:16,0
DA:17,0
DA:44,6
DA:47,2
DA:48,2
DA:51,3
DA:54,4
DA:60,0
DA:61,0
DA:67,0
DA:68,0
DA:74,0
DA:75,0
DA:81,1
DA:82,3
DA:85,2
DA:86,2
DA:87,4
DA:91,1
DA:92,2
DA:96,3
DA:98,1
DA:104,1
DA:106,2
DA:107,2
DA:113,0
DA:117,0
LF:28
LH:17
end_of_record
SF:lib/services/storage/app_storate.dart
DA:18,3
DA:48,2
DA:53,2
DA:54,2
DA:55,0
DA:56,0
LF:6
LH:4
end_of_record
SF:lib/services/storage/fake_storage.dart
DA:8,2
DA:10,2
DA:12,1
DA:14,2
DA:17,0
DA:19,0
DA:22,0
DA:24,0
DA:27,0
DA:29,0
DA:32,0
DA:34,0
DA:37,0
DA:39,0
DA:42,0
DA:44,0
DA:47,0
DA:49,0
DA:52,0
DA:54,0
LF:20
LH:4
end_of_record
SF:lib/services/storage/get_storage.dart
DA:9,0
DA:11,0
DA:14,0
DA:16,0
DA:19,0
DA:21,0
DA:24,0
DA:26,0
DA:29,0
DA:31,0
DA:34,0
DA:36,0
DA:39,0
DA:41,0
DA:44,0
DA:46,0
DA:49,0
DA:51,0
LF:18
LH:0
end_of_record
SF:lib/widgets/components/table.dart
DA:13,1
DA:25,1
DA:49,1
DA:59,1
DA:61,1
DA:62,1
DA:64,0
DA:69,0
DA:70,0
DA:71,0
DA:74,0
DA:75,0
DA:77,0
DA:78,0
DA:81,1
DA:82,1
DA:84,1
DA:85,1
DA:86,2
DA:87,2
DA:88,1
DA:90,1
DA:91,2
DA:93,1
DA:94,1
DA:95,1
DA:96,0
DA:98,1
DA:99,0
DA:107,1
DA:108,1
DA:109,1
DA:110,2
DA:111,0
DA:112,0
DA:113,0
DA:114,0
DA:116,1
DA:117,1
DA:118,1
DA:119,2
DA:120,2
DA:121,1
DA:122,1
DA:124,0
DA:125,0
DA:126,0
DA:131,1
DA:132,3
DA:133,1
DA:152,1
DA:153,2
DA:155,1
DA:158,1
DA:159,1
DA:161,1
DA:163,1
DA:165,2
DA:166,3
DA:167,2
DA:169,1
DA:171,1
DA:172,1
DA:174,0
DA:175,0
DA:176,0
DA:177,0
DA:178,0
DA:179,0
DA:182,1
DA:183,1
DA:184,2
DA:186,1
DA:187,2
DA:191,1
LF:75
LH:52
end_of_record
SF:lib/services/internationalization/app_translations.dart
DA:8,1
DA:10,1
DA:12,4
DA:13,3
DA:14,6
DA:15,1
LF:6
LH:6
end_of_record
SF:lib/services/themes/app_themes.dart
DA:16,3
DA:17,3
DA:20,0
DA:23,3
DA:26,3
DA:29,3
DA:32,1
DA:33,2
DA:36,1
DA:40,4
DA:43,0
DA:44,0
DA:50,1
DA:51,4
DA:52,4
DA:53,3
LF:16
LH:13
end_of_record
SF:lib/themes/themes.dart
DA:9,3
DA:79,1
DA:93,1
DA:94,3
DA:98,3
DA:105,3
DA:176,1
DA:190,1
DA:191,3
DA:195,3
LF:10
LH:10
end_of_record
