SF:lib/services/internationalization/internationalization.dart
DA:15,2
DA:16,4
DA:17,2
DA:136,12
DA:139,4
DA:140,4
DA:143,9
DA:146,8
DA:152,2
DA:153,2
DA:159,2
DA:160,2
DA:166,2
DA:167,2
DA:173,2
DA:174,2
DA:180,2
DA:181,2
DA:187,0
DA:188,0
DA:194,0
DA:195,0
DA:201,1
DA:202,1
DA:208,1
DA:209,1
DA:215,1
DA:216,1
DA:222,1
DA:223,1
DA:229,1
DA:230,1
DA:236,1
DA:237,1
DA:243,1
DA:244,1
DA:250,1
DA:251,1
DA:257,1
DA:258,1
DA:264,1
DA:265,1
DA:271,1
DA:272,1
DA:278,1
DA:279,1
DA:285,1
DA:286,1
DA:292,1
DA:293,1
DA:299,1
DA:300,1
DA:306,1
DA:307,1
DA:313,1
DA:314,1
DA:320,1
DA:321,1
DA:327,0
DA:328,0
DA:334,3
DA:335,9
DA:336,3
DA:337,0
DA:341,9
DA:344,6
DA:345,6
DA:346,12
DA:350,3
DA:351,6
DA:355,9
DA:357,1
DA:363,1
DA:365,2
DA:366,2
DA:372,2
DA:376,2
LF:77
LH:70
end_of_record
SF:lib/services/storage/app_storate.dart
DA:18,3
DA:48,4
DA:53,4
DA:54,4
DA:55,0
DA:56,0
LF:6
LH:4
end_of_record
SF:lib/routes/app_routes.dart
DA:14,0
DA:15,0
DA:16,0
DA:17,0
DA:21,0
DA:22,0
DA:23,0
DA:27,0
DA:28,0
DA:31,0
DA:35,0
DA:36,0
DA:38,0
DA:44,0
DA:45,0
DA:47,0
DA:56,0
DA:57,0
DA:61,0
DA:62,0
DA:66,0
DA:71,0
DA:80,0
DA:81,0
DA:85,0
DA:89,0
DA:93,0
DA:94,0
LF:28
LH:0
end_of_record
SF:lib/screens/connection/connection_view.dart
DA:6,4
DA:8,0
LF:2
LH:1
end_of_record
SF:lib/screens/dashboard/dashboard_view.dart
DA:10,5
DA:14,1
DA:16,1
DA:17,1
DA:18,1
DA:19,3
LF:6
LH:6
end_of_record
SF:lib/screens/middleware_page.dart
DA:9,4
DA:11,0
DA:13,0
LF:3
LH:1
end_of_record
SF:lib/screens/profile/profile_view.dart
DA:14,5
DA:16,1
DA:18,1
DA:19,1
DA:27,4
DA:29,1
DA:31,1
DA:32,2
DA:33,1
DA:35,1
DA:36,2
DA:37,1
DA:39,1
DA:40,1
DA:42,1
DA:43,1
DA:45,1
DA:46,1
DA:47,2
DA:50,1
DA:52,2
DA:53,0
DA:58,1
DA:59,0
DA:60,1
DA:70,1
DA:71,1
DA:72,1
DA:74,1
DA:75,1
DA:76,1
DA:77,3
DA:82,1
DA:91,3
DA:94,1
DA:95,2
DA:98,1
DA:99,2
DA:103,1
DA:104,1
DA:105,1
DA:109,2
DA:112,2
DA:115,1
DA:116,2
DA:119,1
DA:120,2
DA:133,1
DA:139,1
DA:141,1
DA:143,1
DA:144,1
DA:148,1
DA:154,1
DA:155,1
DA:156,1
DA:159,1
DA:160,1
DA:168,1
DA:171,1
DA:172,1
DA:173,1
DA:184,4
DA:186,1
DA:188,1
DA:190,1
DA:192,1
DA:194,1
DA:195,1
DA:196,0
DA:197,1
DA:198,1
DA:199,4
DA:200,1
DA:201,4
DA:205,1
DA:206,2
DA:211,1
DA:212,0
DA:213,1
DA:214,1
DA:215,4
DA:216,1
DA:217,4
DA:221,1
DA:222,2
DA:236,1
DA:241,1
DA:243,1
DA:244,1
DA:245,1
DA:247,1
DA:250,1
DA:251,1
DA:252,1
DA:253,3
DA:255,1
DA:257,1
DA:258,3
DA:259,1
DA:260,2
DA:262,1
DA:263,1
DA:264,1
DA:265,1
DA:271,1
DA:272,1
DA:273,1
DA:279,1
DA:280,1
DA:281,1
DA:296,1
DA:297,1
DA:298,3
DA:300,1
DA:302,1
DA:303,3
DA:304,1
DA:305,2
DA:307,1
DA:308,1
DA:309,1
DA:310,1
DA:316,1
DA:317,1
DA:318,1
DA:324,1
DA:325,1
DA:326,1
DA:353,1
DA:358,0
DA:359,0
DA:362,1
DA:364,1
DA:365,1
DA:366,1
DA:368,1
DA:371,1
DA:372,1
DA:373,1
DA:374,3
DA:376,1
DA:378,1
DA:379,3
DA:380,1
DA:381,2
DA:383,1
DA:384,1
DA:385,1
DA:386,1
DA:392,1
DA:393,1
DA:394,1
DA:400,1
DA:401,1
DA:402,1
DA:418,1
DA:419,1
DA:420,3
DA:422,1
DA:424,1
DA:425,3
DA:426,1
DA:427,2
DA:428,2
DA:430,2
DA:431,1
DA:432,1
DA:433,1
DA:434,1
DA:440,1
DA:441,1
DA:442,1
DA:448,1
DA:449,1
DA:450,1
DA:460,1
DA:461,1
DA:462,2
DA:466,1
DA:482,4
DA:484,1
DA:499,1
DA:504,1
DA:506,1
DA:508,1
DA:509,1
DA:510,2
DA:513,3
DA:517,1
DA:520,1
DA:521,1
DA:522,0
DA:523,1
DA:530,1
DA:531,1
DA:540,1
DA:541,1
DA:542,0
DA:543,1
DA:549,1
DA:550,2
DA:567,1
DA:572,1
DA:574,1
DA:576,1
DA:577,1
DA:578,2
DA:582,3
DA:584,1
DA:587,1
DA:588,1
DA:589,0
DA:590,1
DA:597,1
DA:598,1
DA:607,1
DA:608,1
DA:609,0
DA:610,1
DA:616,1
DA:617,2
DA:644,1
DA:658,3
DA:671,0
LF:225
LH:214
end_of_record
SF:lib/screens/registration/registration_view.dart
DA:6,4
DA:8,0
LF:2
LH:1
end_of_record
SF:lib/screens/stores/stores_view.dart
DA:9,4
DA:13,0
DA:15,0
DA:16,0
LF:4
LH:1
end_of_record
SF:lib/routes/pages_routes.dart
DA:16,0
DA:22,0
DA:25,0
DA:28,0
DA:31,0
DA:34,0
DA:37,0
DA:41,0
DA:46,0
DA:51,0
DA:56,0
DA:61,0
DA:66,0
DA:79,0
LF:14
LH:0
end_of_record
SF:lib/widgets/base_page.dart
DA:21,2
DA:27,2
DA:29,4
DA:30,4
DA:31,4
DA:33,2
DA:34,2
DA:35,2
DA:37,2
DA:38,4
DA:39,2
DA:40,2
DA:42,4
DA:43,2
DA:45,4
DA:47,2
DA:52,2
DA:53,2
DA:55,2
DA:59,2
DA:60,2
DA:61,2
DA:65,4
DA:66,4
DA:77,2
DA:83,2
DA:85,2
DA:86,2
DA:87,4
DA:88,2
DA:89,2
DA:103,2
DA:108,2
DA:115,2
DA:116,2
DA:118,2
DA:119,2
DA:122,4
DA:126,0
DA:127,0
DA:129,2
DA:130,2
DA:131,2
DA:132,2
DA:134,0
DA:136,2
DA:137,2
DA:138,2
DA:139,2
DA:141,4
DA:142,6
DA:147,2
DA:174,4
DA:176,2
DA:178,2
DA:180,2
DA:182,2
DA:185,0
DA:195,4
DA:201,2
DA:203,2
DA:205,2
DA:206,0
DA:207,0
DA:210,6
DA:211,2
DA:213,2
DA:214,2
DA:219,2
DA:225,2
DA:226,2
DA:228,4
DA:229,2
DA:231,4
DA:237,2
DA:238,2
DA:241,2
DA:242,2
DA:243,2
DA:246,2
DA:247,2
DA:248,6
LF:82
LH:76
end_of_record
SF:lib/utils/app_layout.dart
DA:9,2
DA:10,8
DA:11,8
DA:15,2
DA:16,8
DA:20,2
DA:21,8
DA:24,2
LF:8
LH:8
end_of_record
SF:lib/widgets/components/sb_container.dart
DA:9,2
DA:26,2
DA:27,2
DA:34,2
DA:35,2
DA:40,4
DA:42,2
DA:43,2
DA:48,2
DA:53,4
DA:55,2
DA:56,2
LF:12
LH:12
end_of_record
SF:lib/services/internationalization/app_translations.dart
DA:8,3
DA:10,3
DA:12,12
DA:13,9
DA:14,18
DA:15,3
LF:6
LH:6
end_of_record
SF:lib/services/storage/fake_storage.dart
DA:8,4
DA:10,4
DA:12,3
DA:14,6
DA:17,0
DA:19,0
DA:22,0
DA:24,0
DA:27,0
DA:29,0
DA:32,0
DA:34,0
DA:37,0
DA:39,0
DA:42,0
DA:44,0
DA:47,0
DA:49,0
DA:52,0
DA:54,0
LF:20
LH:4
end_of_record
SF:lib/services/storage/get_storage.dart
DA:9,0
DA:11,0
DA:14,0
DA:16,0
DA:19,0
DA:21,0
DA:24,0
DA:26,0
DA:29,0
DA:31,0
DA:34,0
DA:36,0
DA:39,0
DA:41,0
DA:44,0
DA:46,0
DA:49,0
DA:51,0
LF:18
LH:0
end_of_record
SF:lib/services/themes/app_themes.dart
DA:16,9
DA:17,9
DA:20,6
DA:23,9
DA:26,9
DA:29,9
DA:32,3
DA:33,6
DA:36,3
DA:40,12
DA:43,0
DA:44,0
DA:50,3
DA:51,12
DA:52,3
DA:53,9
DA:54,15
DA:55,9
LF:18
LH:16
end_of_record
SF:lib/themes/themes.dart
DA:9,9
DA:79,3
DA:93,3
DA:94,9
DA:98,9
DA:106,9
DA:178,3
DA:192,3
DA:193,9
DA:197,9
LF:10
LH:10
end_of_record
SF:lib/widgets/drawer.dart
DA:31,2
DA:49,2
DA:55,2
DA:57,2
DA:59,14
DA:62,2
DA:63,2
DA:64,4
DA:68,0
DA:69,0
DA:72,2
DA:73,4
DA:77,0
DA:78,0
DA:84,2
DA:85,2
DA:86,4
DA:89,0
DA:91,2
DA:92,4
DA:95,0
DA:99,2
DA:102,4
DA:103,2
DA:105,2
DA:107,2
DA:109,2
DA:111,2
DA:112,2
DA:113,8
DA:116,2
DA:118,2
DA:119,2
DA:120,8
DA:136,2
DA:144,2
DA:146,2
DA:147,4
DA:148,2
DA:149,2
DA:156,2
DA:157,2
DA:161,2
DA:162,4
DA:163,4
DA:165,2
DA:166,2
DA:169,2
DA:170,4
DA:171,2
DA:172,4
DA:185,2
DA:191,2
DA:193,2
DA:194,2
DA:195,2
DA:196,2
DA:197,2
DA:198,2
DA:200,2
DA:201,2
DA:202,2
DA:214,2
DA:219,2
DA:221,10
DA:223,2
DA:224,4
DA:225,2
DA:231,2
DA:232,2
DA:233,2
DA:239,2
DA:240,4
DA:247,2
DA:248,2
DA:249,4
DA:251,2
DA:268,2
DA:273,2
DA:275,10
DA:277,2
DA:279,2
DA:280,4
DA:281,2
DA:286,2
DA:287,4
DA:297,4
DA:299,2
DA:301,2
DA:302,2
DA:303,8
DA:305,2
DA:306,8
DA:318,2
DA:323,0
DA:325,0
DA:327,0
DA:328,0
LF:98
LH:88
end_of_record
SF:lib/widgets/components/language_selection.dart
DA:10,4
DA:12,2
DA:14,2
DA:15,4
DA:16,0
DA:17,2
DA:22,2
DA:24,4
DA:28,2
DA:31,8
DA:34,2
DA:41,2
DA:43,4
DA:47,2
DA:48,2
DA:49,8
LF:16
LH:15
end_of_record
SF:lib/widgets/components/theme_switcher.dart
DA:10,4
DA:12,2
DA:14,2
DA:15,4
DA:16,4
DA:17,2
DA:22,2
DA:24,4
DA:28,2
DA:30,4
DA:33,2
DA:36,2
DA:38,4
DA:42,2
DA:43,4
DA:46,4
LF:16
LH:16
end_of_record
SF:lib/widgets/components/table.dart
DA:13,1
DA:25,1
DA:49,1
DA:59,1
DA:61,1
DA:62,1
DA:64,0
DA:69,0
DA:70,0
DA:71,0
DA:74,0
DA:75,0
DA:77,0
DA:78,0
DA:81,1
DA:82,1
DA:84,1
DA:85,1
DA:86,2
DA:87,2
DA:88,1
DA:90,1
DA:91,2
DA:93,1
DA:94,1
DA:95,1
DA:96,0
DA:98,1
DA:99,0
DA:107,1
DA:108,1
DA:109,1
DA:110,2
DA:111,0
DA:112,0
DA:113,0
DA:114,0
DA:116,1
DA:117,1
DA:118,1
DA:119,2
DA:120,2
DA:121,1
DA:122,1
DA:124,0
DA:125,0
DA:126,0
DA:131,1
DA:132,3
DA:133,1
DA:152,1
DA:153,2
DA:155,1
DA:158,1
DA:159,1
DA:161,1
DA:163,1
DA:165,2
DA:166,3
DA:167,2
DA:169,1
DA:171,1
DA:172,1
DA:174,0
DA:175,0
DA:176,0
DA:177,0
DA:178,0
DA:179,0
DA:182,1
DA:183,1
DA:184,2
DA:186,1
DA:187,2
DA:191,1
LF:75
LH:52
end_of_record
